TN:
SF:/home/acrn/new_ak/new/cicd_pullpiri/src/player/actioncontroller/src/grpc/mod.rs
FN:23,init
FNF:1
FNDA:4,init
DA:23,4
DA:24,2
DA:25,2
DA:27,2
DA:28,1
DA:30,3
DA:31,7
DA:32,1
DA:33,1
DA:34,3
DA:36,2
DA:40,1
DA:42,1
LF:13
LH:13
end_of_record
TN:
SF:/home/acrn/new_ak/new/cicd_pullpiri/src/player/actioncontroller/src/grpc/receiver.rs
FN:34,ActionControllerReceiver::new
FN:43,ActionControllerReceiver::into_service
FN:65,<impl ActionControllerConnection for ActionControllerReceiver>::trigger_action
FN:116,<impl ActionControllerConnection for ActionControllerReceiver>::reconcile
FN:148,i32_to_status
FNF:5
FNDA:5,ActionControllerReceiver::new
FNDA:1,ActionControllerReceiver::into_service
FNDA:2,<impl ActionControllerConnection for ActionControllerReceiver>::trigger_action
FNDA:2,<impl ActionControllerConnection for ActionControllerReceiver>::reconcile
FNDA:1,i32_to_status
DA:34,5
DA:43,1
DA:44,1
DA:65,2
DA:67,1
DA:68,2
DA:70,5
DA:71,1
DA:73,1
DA:76,1
DA:77,2
DA:80,2
DA:81,0
DA:82,2
DA:83,2
DA:84,0
DA:85,0
DA:86,0
DA:87,0
DA:89,0
DA:92,0
DA:96,1
DA:116,2
DA:117,2
DA:119,4
DA:120,2
DA:122,2
DA:123,1
DA:125,1
DA:129,5
DA:131,1
DA:132,4
DA:134,1
DA:136,1
DA:140,1
DA:141,2
DA:142,1
DA:148,1
DA:149,1
DA:150,1
DA:151,1
DA:152,1
DA:153,1
DA:154,1
DA:155,1
DA:156,1
LF:46
LH:39
end_of_record
TN:
SF:/home/acrn/new_ak/new/cicd_pullpiri/src/player/actioncontroller/src/grpc/sender.rs
FN:30,check_policy
FN:92,handle_yaml
FNF:2
FNDA:4,check_policy
FNDA:4,handle_yaml
DA:30,4
DA:32,2
DA:33,2
DA:36,0
DA:37,0
DA:38,0
DA:39,0
DA:40,0
DA:41,0
DA:43,0
DA:44,0
DA:47,0
DA:48,0
DA:52,0
DA:58,0
DA:62,0
DA:92,4
DA:93,2
DA:94,2
DA:97,0
DA:98,0
DA:99,0
DA:100,0
DA:102,0
DA:104,0
DA:106,0
DA:107,0
LF:27
LH:6
end_of_record
TN:
SF:/home/acrn/new_ak/new/cicd_pullpiri/src/player/actioncontroller/src/main.rs
FN:19,initialize
FN:42,main
FNF:2
FNDA:8,initialize
FNDA:0,main
DA:19,8
DA:21,2
DA:23,2
DA:24,0
DA:27,2
DA:42,0
DA:43,0
DA:46,0
DA:51,0
DA:52,0
DA:54,0
LF:11
LH:4
end_of_record
TN:
SF:/home/acrn/new_ak/new/cicd_pullpiri/src/player/actioncontroller/src/manager.rs
FN:34,ActionControllerManager::new
FN:81,ActionControllerManager::trigger_manager_action
FN:185,ActionControllerManager::reconcile_do
FN:256,ActionControllerManager::create_workload
FN:278,ActionControllerManager::delete_workload
FN:300,ActionControllerManager::restart_workload
FN:323,ActionControllerManager::pause_workload
FN:346,ActionControllerManager::start_workload
FN:392,ActionControllerManager::stop_workload
FN:420,ActionControllerManager::reload_all_node
FNF:10
FNDA:5,ActionControllerManager::new
FNDA:4,ActionControllerManager::trigger_manager_action
FNDA:1,ActionControllerManager::reconcile_do
FNDA:4,ActionControllerManager::create_workload
FNDA:4,ActionControllerManager::delete_workload
FNDA:4,ActionControllerManager::restart_workload
FNDA:4,ActionControllerManager::pause_workload
FNDA:1,ActionControllerManager::start_workload
FNDA:1,ActionControllerManager::stop_workload
FNDA:4,ActionControllerManager::reload_all_node
DA:34,5
DA:35,5
DA:36,5
DA:37,10
DA:39,5
DA:40,10
DA:41,0
DA:42,0
DA:45,5
DA:46,0
DA:47,0
DA:48,0
DA:49,0
DA:50,0
DA:81,4
DA:82,2
DA:83,1
DA:84,0
DA:86,3
DA:87,5
DA:88,1
DA:89,2
DA:90,4
DA:93,3
DA:94,1
DA:96,1
DA:98,2
DA:99,3
DA:100,1
DA:101,0
DA:102,0
DA:106,2
DA:107,0
DA:109,0
DA:114,6
DA:115,4
DA:116,2
DA:117,5
DA:118,3
DA:119,1
DA:120,0
DA:121,0
DA:126,4
DA:130,1
DA:131,1
DA:132,0
DA:133,0
DA:134,0
DA:135,0
DA:137,3
DA:138,0
DA:139,0
DA:140,0
DA:141,0
DA:143,4
DA:144,3
DA:145,4
DA:146,4
DA:147,1
DA:149,2
DA:150,4
DA:151,4
DA:152,1
DA:161,1
DA:185,1
DA:191,2
DA:192,1
DA:195,2
DA:196,2
DA:203,2
DA:204,0
DA:211,2
DA:212,3
DA:213,2
DA:215,2
DA:216,3
DA:217,2
DA:219,4
DA:220,2
DA:221,1
DA:222,2
DA:223,1
DA:224,0
DA:230,1
DA:231,0
DA:232,0
DA:236,1
DA:256,4
DA:258,1
DA:278,4
DA:280,1
DA:300,4
DA:302,1
DA:323,4
DA:325,1
DA:346,1
DA:353,2
DA:357,3
DA:359,2
DA:364,2
DA:371,1
DA:392,1
DA:399,2
DA:403,3
DA:405,2
DA:410,2
DA:417,1
DA:420,4
DA:424,3
DA:425,1
DA:426,1
LF:111
LH:85
end_of_record
TN:
SF:/home/acrn/new_ak/new/cicd_pullpiri/src/player/actioncontroller/src/runtime/bluechi/mod.rs
FN:40,Command::to_method_name
FN:63,handle_bluechi_cmd
FN:103,workload_run
FN:136,reload_all_nodes
FNF:4
FNDA:1,Command::to_method_name
FNDA:1,handle_bluechi_cmd
FNDA:1,workload_run
FNDA:1,reload_all_nodes
DA:40,1
DA:41,1
DA:42,1
DA:43,1
DA:44,1
DA:45,1
DA:46,1
DA:63,1
DA:68,2
DA:69,2
DA:70,2
DA:71,2
DA:73,2
DA:78,1
DA:85,1
DA:103,1
DA:110,1
DA:111,1
DA:113,0
DA:115,0
DA:117,0
DA:136,1
DA:137,1
DA:138,1
DA:141,2
DA:142,1
DA:143,3
DA:144,2
DA:146,1
DA:147,2
DA:149,0
DA:151,0
LF:32
LH:27
end_of_record
TN:
SF:/home/acrn/new_ak/new/cicd_pullpiri/src/player/actioncontroller/src/runtime/mod.rs
FN:20,init
FNF:1
FNDA:3,init
DA:20,3
DA:22,2
LF:2
LH:2
end_of_record
TN:
SF:/home/acrn/new_ak/new/cicd_pullpiri/src/player/actioncontroller/src/runtime/nodeagent/mod.rs
FN:26,NodeAgentRuntime::new
FN:49,NodeAgentRuntime::init
FN:74,NodeAgentRuntime::create_workload
FN:97,NodeAgentRuntime::delete_workload
FN:121,NodeAgentRuntime::restart_workload
FN:145,NodeAgentRuntime::pause_workload
FN:169,NodeAgentRuntime::start_workload
FN:193,NodeAgentRuntime::stop_workload
FNF:8
FNDA:2,NodeAgentRuntime::new
FNDA:4,NodeAgentRuntime::init
FNDA:8,NodeAgentRuntime::create_workload
FNDA:4,NodeAgentRuntime::delete_workload
FNDA:7,NodeAgentRuntime::restart_workload
FNDA:4,NodeAgentRuntime::pause_workload
FNDA:4,NodeAgentRuntime::start_workload
FNDA:4,NodeAgentRuntime::stop_workload
DA:26,2
DA:28,1
DA:29,3
DA:49,4
DA:51,1
DA:74,8
DA:76,2
DA:97,4
DA:100,1
DA:121,7
DA:123,2
DA:145,4
DA:147,1
DA:169,4
DA:171,1
DA:193,4
DA:195,1
LF:17
LH:17
end_of_record
TN:
SF:/home/acrn/new_ak/new/cicd_pullpiri/src/player/filtergateway/src/filter/mod.rs
FN:34,Filter::new
FN:60,Filter::meet_scenario_condition
FN:145,Filter::pause_scenario_filter
FN:162,Filter::resume_scenario_filter
FN:173,Filter::is_active
FN:189,Filter::process_data
FNF:6
FNDA:3,Filter::new
FNDA:8,Filter::meet_scenario_condition
FNDA:4,Filter::pause_scenario_filter
FNDA:4,Filter::resume_scenario_filter
FNDA:2,Filter::is_active
FNDA:19,Filter::process_data
DA:34,3
DA:60,8
DA:61,6
DA:62,4
DA:63,3
DA:64,4
DA:65,4
DA:67,9
DA:72,4
DA:73,2
DA:77,8
DA:78,5
DA:79,2
DA:82,7
DA:83,7
DA:84,5
DA:85,4
DA:87,3
DA:88,3
DA:90,3
DA:91,1
DA:93,4
DA:94,4
DA:96,3
DA:97,3
DA:99,3
DA:100,1
DA:102,3
DA:103,4
DA:105,3
DA:106,3
DA:108,3
DA:109,1
DA:111,2
DA:112,4
DA:114,3
DA:115,3
DA:117,3
DA:118,1
DA:120,2
DA:123,7
DA:124,4
DA:125,14
DA:126,2
DA:127,18
DA:128,5
DA:130,2
DA:145,4
DA:147,1
DA:148,1
DA:162,4
DA:164,1
DA:165,1
DA:173,2
DA:174,3
DA:189,19
DA:191,3
DA:192,1
DA:195,10
DA:201,6
DA:202,5
DA:203,1
DA:206,6
DA:207,12
DA:208,2
DA:212,11
DA:214,5
DA:218,2
DA:220,4
DA:221,2
DA:226,2
LF:71
LH:71
end_of_record
TN:
SF:/home/acrn/new_ak/new/cicd_pullpiri/src/player/filtergateway/src/grpc/mod.rs
FN:12,init
FNF:1
FNDA:6,init
DA:12,6
DA:14,2
LF:2
LH:2
end_of_record
TN:
SF:/home/acrn/new_ak/new/cicd_pullpiri/src/player/filtergateway/src/grpc/receiver.rs
FN:33,FilterGatewayReceiver::new
FN:42,FilterGatewayReceiver::into_service
FN:59,FilterGatewayReceiver::handle_scenario
FN:83,<impl FilterGatewayConnection for FilterGatewayReceiver>::handle_scenario
FNF:4
FNDA:9,FilterGatewayReceiver::new
FNDA:5,FilterGatewayReceiver::into_service
FNDA:48,FilterGatewayReceiver::handle_scenario
FNDA:10,<impl FilterGatewayConnection for FilterGatewayReceiver>::handle_scenario
DA:33,9
DA:42,5
DA:43,5
DA:59,48
DA:61,39
DA:68,15
DA:69,2
DA:70,1
DA:73,3
DA:83,10
DA:84,10
DA:87,5
DA:89,1
DA:91,3
DA:92,6
DA:93,3
DA:99,1
DA:101,1
LF:18
LH:18
end_of_record
TN:
SF:/home/acrn/new_ak/new/cicd_pullpiri/src/player/filtergateway/src/grpc/sender.rs
FNF:0
DA:33,62
DA:34,29
DA:35,12
DA:38,37
DA:39,31
DA:42,4
DA:44,34
DA:45,12
DA:46,8
DA:49,7
LF:10
LH:10
end_of_record
TN:
SF:/home/acrn/new_ak/new/cicd_pullpiri/src/player/filtergateway/src/lib.rs
FN:17,launch_manager
FN:41,initialize
FNF:2
FNDA:8,launch_manager
FNDA:8,initialize
DA:17,8
DA:18,4
DA:20,10
DA:22,4
DA:24,9
DA:25,0
DA:28,0
DA:29,0
DA:41,8
DA:50,4
DA:51,6
DA:55,2
DA:57,9
DA:58,2
DA:59,2
DA:60,8
LF:16
LH:13
end_of_record
TN:
SF:/home/acrn/new_ak/new/cicd_pullpiri/src/player/filtergateway/src/manager.rs
FN:50,FilterGatewayManager::new
FN:77,FilterGatewayManager::initialize
FN:113,FilterGatewayManager::process_dds_data
FN:162,FilterGatewayManager::process_grpc_requests
FN:231,FilterGatewayManager::run
FN:269,FilterGatewayManager::subscribe_vehicle_data
FN:292,FilterGatewayManager::unsubscribe_vehicle_data
FN:314,FilterGatewayManager::launch_scenario_filter
FN:359,FilterGatewayManager::remove_scenario_filter
FN:379,FilterGatewayManager::read_all_scenario_from_etcd
FNF:10
FNDA:40,FilterGatewayManager::new
FNDA:14,FilterGatewayManager::initialize
FNDA:15,FilterGatewayManager::process_dds_data
FNDA:17,FilterGatewayManager::process_grpc_requests
FNDA:14,FilterGatewayManager::run
FNDA:4,FilterGatewayManager::subscribe_vehicle_data
FNDA:4,FilterGatewayManager::unsubscribe_vehicle_data
FNDA:10,FilterGatewayManager::launch_scenario_filter
FNDA:4,FilterGatewayManager::remove_scenario_filter
FNDA:15,FilterGatewayManager::read_all_scenario_from_etcd
DA:50,40
DA:51,21
DA:52,21
DA:55,21
DA:56,0
DA:61,22
DA:62,22
DA:63,22
DA:64,22
DA:65,22
DA:77,14
DA:78,7
DA:80,11
DA:81,14
DA:82,9
DA:83,6
DA:84,14
DA:87,2
DA:89,14
DA:92,2
DA:94,9
DA:95,31
DA:96,5
DA:97,16
DA:99,0
DA:101,19
DA:103,2
DA:113,15
DA:115,7
DA:119,13
DA:122,22
DA:123,3
DA:125,5
DA:131,5
DA:132,7
DA:133,4
DA:135,9
DA:136,0
DA:146,0
DA:152,0
DA:162,17
DA:163,5
DA:166,15
DA:167,18
DA:170,4
DA:171,3
DA:172,6
DA:173,3
DA:177,6
DA:181,2
DA:183,6
DA:187,2
DA:189,4
DA:190,10
DA:191,2
DA:192,8
DA:194,0
DA:196,8
DA:201,3
DA:202,5
DA:203,1
DA:204,4
DA:206,0
DA:208,4
DA:209,5
DA:216,1
DA:222,2
DA:231,14
DA:233,7
DA:236,7
DA:237,14
DA:238,12
DA:239,0
DA:244,9
DA:245,19
DA:246,17
DA:247,0
DA:252,16
DA:254,0
DA:256,0
DA:269,4
DA:270,2
DA:271,1
DA:272,1
DA:273,5
DA:274,1
DA:275,3
DA:277,1
DA:292,4
DA:293,2
DA:294,1
DA:295,5
DA:296,1
DA:297,3
DA:299,1
DA:314,10
DA:316,4
DA:317,3
DA:318,2
DA:319,14
DA:320,2
DA:324,1
DA:325,2
DA:327,2
DA:332,1
DA:333,3
DA:335,3
DA:337,2
DA:341,1
DA:343,2
DA:345,1
DA:359,4
DA:360,2
DA:362,1
DA:363,2
DA:364,3
DA:366,1
DA:367,1
DA:368,0
DA:370,1
DA:379,15
DA:380,12
DA:381,12
DA:383,3
LF:124
LH:112
end_of_record
TN:
SF:/home/acrn/new_ak/new/cicd_pullpiri/src/player/filtergateway/src/vehicle/dds/listener.rs
FN:75,TopicListener::new
FN:92,TopicListener::create_idl_listener
FN:104,create_idl_listener
FN:115,<impl DdsTopicListener for TopicListener>::is_running
FN:119,<impl DdsTopicListener for TopicListener>::start
FN:143,<impl DdsTopicListener for TopicListener>::stop
FN:153,<impl DdsTopicListener for TopicListener>::get_topic_name
FN:157,<impl DdsTopicListener for TopicListener>::is_topic
FN:164,TopicListener::listener_loop
FN:255,GenericTopicListener<T>::new
FN:273,GenericTopicListener<T>::typed_listener_loop
FN:368,<impl DdsTopicListener for GenericTopicListener<T>>::is_running
FN:372,<impl DdsTopicListener for GenericTopicListener<T>>::start
FN:396,<impl DdsTopicListener for GenericTopicListener<T>>::stop
FN:406,<impl DdsTopicListener for GenericTopicListener<T>>::get_topic_name
FN:410,<impl DdsTopicListener for GenericTopicListener<T>>::is_topic
FNF:16
FNDA:7,TopicListener::new
FNDA:5,TopicListener::create_idl_listener
FNDA:5,create_idl_listener
FNDA:3,<impl DdsTopicListener for TopicListener>::is_running
FNDA:35,<impl DdsTopicListener for TopicListener>::start
FNDA:20,<impl DdsTopicListener for TopicListener>::stop
FNDA:2,<impl DdsTopicListener for TopicListener>::get_topic_name
FNDA:2,<impl DdsTopicListener for TopicListener>::is_topic
FNDA:6,TopicListener::listener_loop
FNDA:7,GenericTopicListener<T>::new
FNDA:6,GenericTopicListener<T>::typed_listener_loop
FNDA:4,<impl DdsTopicListener for GenericTopicListener<T>>::is_running
FNDA:27,<impl DdsTopicListener for GenericTopicListener<T>>::start
FNDA:16,<impl DdsTopicListener for GenericTopicListener<T>>::stop
FNDA:2,<impl DdsTopicListener for GenericTopicListener<T>>::get_topic_name
FNDA:2,<impl DdsTopicListener for GenericTopicListener<T>>::is_topic
DA:75,7
DA:92,5
DA:99,11
DA:104,5
DA:110,11
DA:115,3
DA:116,3
DA:119,35
DA:120,14
DA:121,4
DA:125,21
DA:126,22
DA:127,22
DA:128,8
DA:131,27
DA:132,25
DA:133,0
DA:138,24
DA:139,9
DA:140,16
DA:143,20
DA:144,10
DA:145,12
DA:146,6
DA:148,6
DA:150,5
DA:153,2
DA:154,2
DA:157,2
DA:158,2
DA:164,6
DA:171,20
DA:173,17
DA:174,9
DA:175,9
DA:176,0
DA:179,15
DA:180,5
DA:181,0
DA:185,18
DA:191,12
DA:194,27
DA:198,6
DA:199,6
DA:200,5
DA:204,20
DA:205,6
DA:210,3
DA:255,7
DA:273,6
DA:280,12
DA:281,6
DA:282,6
DA:283,0
DA:286,12
DA:287,4
DA:288,0
DA:290,8
DA:291,8
DA:292,0
DA:295,13
DA:296,4
DA:297,0
DA:299,10
DA:300,0
DA:301,0
DA:305,5
DA:307,0
DA:308,20
DA:311,5
DA:312,0
DA:313,13
DA:315,6
DA:316,4
DA:317,8
DA:318,8
DA:320,8
DA:321,0
DA:324,4
DA:325,8
DA:326,0
DA:328,12
DA:329,4
DA:335,4
DA:341,17
DA:342,4
DA:343,2
DA:348,5
DA:349,17
DA:368,4
DA:369,4
DA:372,27
DA:373,7
DA:374,0
DA:377,18
DA:378,19
DA:379,16
DA:380,8
DA:383,22
DA:384,0
DA:385,20
DA:387,0
DA:391,18
DA:392,10
DA:393,10
DA:396,16
DA:397,8
DA:398,8
DA:399,4
DA:401,4
DA:403,4
DA:406,2
DA:407,2
DA:410,2
DA:411,2
LF:115
LH:99
end_of_record
TN:
SF:/home/acrn/new_ak/new/cicd_pullpiri/src/player/filtergateway/src/vehicle/dds/mod.rs
FN:39,DdsManager::new
FN:50,DdsManager::scan_idl_directory
FN:76,DdsManager::create_typed_listener
FN:123,DdsManager::list_available_types
FN:128,DdsManager::set_domain_id
FN:133,DdsManager::get_sender
FN:138,DdsManager::get_receiver
FN:143,DdsManager::create_listener
FN:177,DdsManager::remove_listener
FN:189,DdsManager::stop_all
FN:200,DdsManager::init
FN:205,DdsManager::init_with_path
FN:266,dds_type_metadata::get_available_types
FNF:13
FNDA:12,DdsManager::new
FNDA:8,DdsManager::scan_idl_directory
FNDA:8,DdsManager::create_typed_listener
FNDA:2,DdsManager::list_available_types
FNDA:15,DdsManager::set_domain_id
FNDA:2,DdsManager::get_sender
FNDA:8,DdsManager::get_receiver
FNDA:8,DdsManager::create_listener
FNDA:13,DdsManager::remove_listener
FNDA:8,DdsManager::stop_all
FNDA:50,DdsManager::init
FNDA:12,DdsManager::init_with_path
FNDA:2,dds_type_metadata::get_available_types
DA:39,12
DA:43,13
DA:45,25
DA:50,8
DA:51,6
DA:52,4
DA:55,8
DA:56,2
DA:60,12
DA:61,4
DA:62,2
DA:64,10
DA:65,4
DA:66,4
DA:67,2
DA:72,4
DA:73,2
DA:76,8
DA:82,13
DA:83,15
DA:84,5
DA:86,14
DA:93,6
DA:94,12
DA:95,5
DA:96,7
DA:99,4
DA:101,3
DA:102,0
DA:104,1
DA:110,1
DA:111,1
DA:115,12
DA:119,10
DA:123,2
DA:124,2
DA:128,15
DA:129,13
DA:133,2
DA:134,2
DA:138,8
DA:139,2
DA:143,8
DA:149,15
DA:150,2
DA:158,16
DA:159,11
DA:160,5
DA:161,11
DA:165,26
DA:167,34
DA:168,0
DA:171,12
DA:173,5
DA:177,13
DA:178,10
DA:179,12
DA:181,9
DA:182,0
DA:185,3
DA:189,8
DA:190,8
DA:191,14
DA:192,4
DA:196,2
DA:200,50
DA:201,26
DA:205,12
DA:209,38
DA:210,12
DA:212,37
DA:213,14
DA:214,0
DA:215,12
DA:216,14
DA:220,38
DA:221,40
DA:224,4
DA:226,4
DA:228,4
DA:229,4
DA:230,4
DA:231,0
DA:233,4
DA:236,4
DA:238,4
DA:239,4
DA:241,4
DA:244,2
DA:246,2
DA:266,2
DA:267,4
LF:92
LH:87
end_of_record
TN:
SF:/home/acrn/new_ak/new/cicd_pullpiri/src/player/filtergateway/src/vehicle/mod.rs
FN:21,VehicleManager::new
FN:34,VehicleManager::init
FN:58,VehicleManager::subscribe_topic
FN:74,VehicleManager::list_available_types
FN:87,VehicleManager::unsubscribe_topic
FN:98,VehicleManager::get_sender
FN:108,VehicleManager::set_domain_id
FNF:7
FNDA:12,VehicleManager::new
FNDA:50,VehicleManager::init
FNDA:7,VehicleManager::subscribe_topic
FNDA:2,VehicleManager::list_available_types
FNDA:12,VehicleManager::unsubscribe_topic
FNDA:2,VehicleManager::get_sender
FNDA:14,VehicleManager::set_domain_id
DA:21,12
DA:23,13
DA:34,50
DA:36,25
DA:38,12
DA:39,40
DA:43,12
DA:45,14
DA:58,7
DA:64,37
DA:66,15
DA:70,5
DA:74,2
DA:75,2
DA:87,12
DA:89,6
DA:90,3
DA:98,2
DA:99,2
DA:108,14
DA:109,13
LF:21
LH:21
end_of_record
TN:
SF:/home/acrn/new_ak/new/cicd_pullpiri/src/player/filtergateway/tests/filter_integration.rs
FN:9,build_scenario_yaml_with_expression
FN:34,build_scenario_from_yaml
FN:39,build_dds_data
FNF:3
FNDA:3,build_scenario_yaml_with_expression
FNDA:1,build_scenario_from_yaml
FNDA:4,build_dds_data
DA:9,3
DA:10,1
DA:30,5
DA:34,1
DA:35,1
DA:39,4
DA:40,2
DA:41,7
DA:43,4
DA:44,2
LF:10
LH:10
end_of_record
TN:
SF:/home/acrn/new_ak/new/cicd_pullpiri/src/player/statemanager/src/grpc/receiver.rs
FN:17,<impl StateManagerConnection for StateManagerGrpcServer>::send_action
FNF:1
FNDA:0,<impl StateManagerConnection for StateManagerGrpcServer>::send_action
DA:17,0
DA:18,0
DA:20,0
LF:3
LH:0
end_of_record
TN:
SF:/home/acrn/new_ak/new/cicd_pullpiri/src/player/statemanager/src/grpc/sender.rs
FN:12,_send
FNF:1
FNDA:0,_send
DA:12,0
DA:13,0
DA:14,0
DA:16,0
LF:4
LH:0
end_of_record
TN:
SF:/home/acrn/new_ak/new/cicd_pullpiri/src/player/statemanager/src/main.rs
FN:3,main
FNF:1
FNDA:0,main
DA:3,0
DA:4,0
LF:2
LH:0
end_of_record
